{"name":"hexo","hostname":"ken.lan","pid":48146,"level":20,"msg":"Writing database to /Users/wqkenqing/Desktop/文档/日常文档/daydoc/db.json","time":"2020-05-27T07:18:07.984Z","v":0}
{"name":"hexo","hostname":"ken.lan","pid":48146,"level":20,"msg":"Hexo version: \u001b[35m3.9.0\u001b[39m","time":"2020-05-27T07:18:08.002Z","v":0}
{"name":"hexo","hostname":"ken.lan","pid":48146,"level":20,"msg":"Working directory: \u001b[35m~/Desktop/文档/日常文档/daydoc/\u001b[39m","time":"2020-05-27T07:18:08.003Z","v":0}
{"name":"hexo","hostname":"ken.lan","pid":48146,"level":20,"msg":"Config loaded: \u001b[35m~/Desktop/文档/日常文档/daydoc/_config.yml\u001b[39m","time":"2020-05-27T07:18:08.132Z","v":0}
{"name":"hexo","hostname":"ken.lan","pid":48146,"level":20,"msg":"Plugin loaded: \u001b[35mhexo-deployer-git\u001b[39m","time":"2020-05-27T07:18:08.244Z","v":0}
{"name":"hexo","hostname":"ken.lan","pid":48146,"level":20,"msg":"Plugin loaded: \u001b[35mhexo-wordcount\u001b[39m","time":"2020-05-27T07:18:08.245Z","v":0}
{"name":"hexo","hostname":"ken.lan","pid":48146,"level":20,"msg":"Loading database.","time":"2020-05-27T07:18:08.247Z","v":0}
{"name":"hexo","hostname":"ken.lan","pid":48146,"level":30,"msg":"Start processing","time":"2020-05-27T07:18:08.253Z","v":0}
{"name":"hexo","hostname":"ken.lan","pid":48146,"level":20,"msg":"Processed: \u001b[35mCNAME\u001b[39m","time":"2020-05-27T07:18:08.268Z","v":0}
{"name":"hexo","hostname":"ken.lan","pid":48146,"level":20,"msg":"Processed: \u001b[35m_posts/README.md\u001b[39m","time":"2020-05-27T07:18:08.284Z","v":0}
{"name":"hexo","hostname":"ken.lan","pid":48146,"level":20,"msg":"Processed: \u001b[35mcategories/index.md\u001b[39m","time":"2020-05-27T07:18:08.293Z","v":0}
{"name":"hexo","hostname":"ken.lan","pid":48146,"level":20,"msg":"Processed: \u001b[35mtags/index.md\u001b[39m","time":"2020-05-27T07:18:08.294Z","v":0}
{"name":"hexo","hostname":"ken.lan","pid":48146,"level":20,"msg":"Processed: \u001b[35m_posts/日常/code_info.md\u001b[39m","time":"2020-05-27T07:18:08.314Z","v":0}
{"name":"hexo","hostname":"ken.lan","pid":48146,"level":20,"msg":"Processed: \u001b[35m_posts/docker/maven配置docker打包插件.md\u001b[39m","time":"2020-05-27T07:18:08.314Z","v":0}
{"name":"hexo","hostname":"ken.lan","pid":48146,"level":20,"msg":"Processed: \u001b[35m_posts/windows/部署.md\u001b[39m","time":"2020-05-27T07:18:08.314Z","v":0}
{"name":"hexo","hostname":"ken.lan","pid":48146,"level":20,"msg":"Theme config loaded.","time":"2020-05-27T07:18:08.343Z","v":0}
{"name":"hexo","hostname":"ken.lan","pid":48146,"level":20,"msg":"Processed: \u001b[35m_config.yml\u001b[39m","time":"2020-05-27T07:18:08.344Z","v":0}
{"name":"hexo","hostname":"ken.lan","pid":48146,"level":20,"msg":"Processed: \u001b[35m_posts/日常/about云账号密码.md\u001b[39m","time":"2020-05-27T07:18:08.344Z","v":0}
{"name":"hexo","hostname":"ken.lan","pid":48146,"level":20,"msg":"Processed: \u001b[35m_posts/日常/bigdata.md\u001b[39m","time":"2020-05-27T07:18:08.344Z","v":0}
{"name":"hexo","hostname":"ken.lan","pid":48146,"level":20,"msg":"Processed: \u001b[35m_posts/日常/cal.md\u001b[39m","time":"2020-05-27T07:18:08.345Z","v":0}
{"name":"hexo","hostname":"ken.lan","pid":48146,"level":20,"msg":"Processed: \u001b[35m_posts/日常/derive.md\u001b[39m","time":"2020-05-27T07:18:08.345Z","v":0}
{"name":"hexo","hostname":"ken.lan","pid":48146,"level":20,"msg":"Processed: \u001b[35m_posts/日常/skill_improve.md\u001b[39m","time":"2020-05-27T07:18:08.345Z","v":0}
{"name":"hexo","hostname":"ken.lan","pid":48146,"level":20,"msg":"Processed: \u001b[35m_posts/日常/京东云.md\u001b[39m","time":"2020-05-27T07:18:08.346Z","v":0}
{"name":"hexo","hostname":"ken.lan","pid":48146,"level":20,"msg":"Processed: \u001b[35m_posts/日常/近期规划.md\u001b[39m","time":"2020-05-27T07:18:08.346Z","v":0}
{"name":"hexo","hostname":"ken.lan","pid":48146,"level":20,"msg":"Processed: \u001b[35msource/css/gitalk.css\u001b[39m","time":"2020-05-27T07:18:08.350Z","v":0}
{"name":"hexo","hostname":"ken.lan","pid":48146,"level":20,"msg":"Processed: \u001b[35msource/css/mobile.styl\u001b[39m","time":"2020-05-27T07:18:08.350Z","v":0}
{"name":"hexo","hostname":"ken.lan","pid":48146,"level":20,"msg":"Processed: \u001b[35msource/css/style.styl\u001b[39m","time":"2020-05-27T07:18:08.351Z","v":0}
{"name":"hexo","hostname":"ken.lan","pid":48146,"level":20,"msg":"Processed: \u001b[35msource/img/alipay.jpg\u001b[39m","time":"2020-05-27T07:18:08.351Z","v":0}
{"name":"hexo","hostname":"ken.lan","pid":48146,"level":20,"msg":"Processed: \u001b[35msource/img/article-list-background.jpeg\u001b[39m","time":"2020-05-27T07:18:08.351Z","v":0}
{"name":"hexo","hostname":"ken.lan","pid":48146,"level":20,"msg":"Processed: \u001b[35msource/img/avatar.jpg\u001b[39m","time":"2020-05-27T07:18:08.352Z","v":0}
{"name":"hexo","hostname":"ken.lan","pid":48146,"level":20,"msg":"Processed: \u001b[35msource/img/brown-papersq.png\u001b[39m","time":"2020-05-27T07:18:08.352Z","v":0}
{"name":"hexo","hostname":"ken.lan","pid":48146,"level":20,"msg":"Processed: \u001b[35msource/img/gov.png\u001b[39m","time":"2020-05-27T07:18:08.353Z","v":0}
{"name":"hexo","hostname":"ken.lan","pid":48146,"level":20,"msg":"Processed: \u001b[35msource/img/school-book.png\u001b[39m","time":"2020-05-27T07:18:08.353Z","v":0}
{"name":"hexo","hostname":"ken.lan","pid":48146,"level":20,"msg":"Processed: \u001b[35msource/js/iconfont.js\u001b[39m","time":"2020-05-27T07:18:08.354Z","v":0}
{"name":"hexo","hostname":"ken.lan","pid":48146,"level":20,"msg":"Processed: \u001b[35msource/js/jquery.pjax.js\u001b[39m","time":"2020-05-27T07:18:08.354Z","v":0}
{"name":"hexo","hostname":"ken.lan","pid":48146,"level":20,"msg":"Processed: \u001b[35msource/js/script.js\u001b[39m","time":"2020-05-27T07:18:08.355Z","v":0}
{"name":"hexo","hostname":"ken.lan","pid":48146,"level":20,"msg":"Processed: \u001b[35msource/js/search.js\u001b[39m","time":"2020-05-27T07:18:08.355Z","v":0}
{"name":"hexo","hostname":"ken.lan","pid":48146,"level":20,"msg":"Processed: \u001b[35msource/js/titleTip.js\u001b[39m","time":"2020-05-27T07:18:08.355Z","v":0}
{"name":"hexo","hostname":"ken.lan","pid":48146,"level":20,"msg":"Processed: \u001b[35m_posts/技术/hive/hive20190109.md\u001b[39m","time":"2020-05-27T07:18:08.379Z","v":0}
{"name":"hexo","hostname":"ken.lan","pid":48146,"level":20,"msg":"Processed: \u001b[35m_posts/技术/program/mutiThread.md\u001b[39m","time":"2020-05-27T07:18:08.379Z","v":0}
{"name":"hexo","hostname":"ken.lan","pid":48146,"level":20,"msg":"Processed: \u001b[35m_posts/日常/vue/vue.md\u001b[39m","time":"2020-05-27T07:18:08.380Z","v":0}
{"name":"hexo","hostname":"ken.lan","pid":48146,"level":20,"msg":"Processed: \u001b[35msource/img/weixin.jpg\u001b[39m","time":"2020-05-27T07:18:08.380Z","v":0}
{"name":"hexo","hostname":"ken.lan","pid":48146,"level":20,"msg":"Processed: \u001b[35mlayout/index.ejs\u001b[39m","time":"2020-05-27T07:18:08.396Z","v":0}
{"name":"hexo","hostname":"ken.lan","pid":48146,"level":20,"msg":"Processed: \u001b[35mlayout/post.ejs\u001b[39m","time":"2020-05-27T07:18:08.396Z","v":0}
{"name":"hexo","hostname":"ken.lan","pid":48146,"level":20,"msg":"Processed: \u001b[35mlayout/indexs.md\u001b[39m","time":"2020-05-27T07:18:08.396Z","v":0}
{"name":"hexo","hostname":"ken.lan","pid":48146,"level":20,"msg":"Processed: \u001b[35mlanguages/en.yml\u001b[39m","time":"2020-05-27T07:18:08.397Z","v":0}
{"name":"hexo","hostname":"ken.lan","pid":48146,"level":20,"msg":"Processed: \u001b[35mlanguages/zh-CN.yml\u001b[39m","time":"2020-05-27T07:18:08.398Z","v":0}
{"name":"hexo","hostname":"ken.lan","pid":48146,"level":20,"msg":"Processed: \u001b[35m_posts/技术/bash/order.sh\u001b[39m","time":"2020-05-27T07:18:08.398Z","v":0}
{"name":"hexo","hostname":"ken.lan","pid":48146,"level":20,"msg":"Processed: \u001b[35m_posts/技术/bash/python_learn.md\u001b[39m","time":"2020-05-27T07:18:08.398Z","v":0}
{"name":"hexo","hostname":"ken.lan","pid":48146,"level":20,"msg":"Processed: \u001b[35m_posts/技术/bash/shell积累.md\u001b[39m","time":"2020-05-27T07:18:08.399Z","v":0}
{"name":"hexo","hostname":"ken.lan","pid":48146,"level":20,"msg":"Processed: \u001b[35m_posts/技术/bear/code read.md\u001b[39m","time":"2020-05-27T07:18:08.399Z","v":0}
{"name":"hexo","hostname":"ken.lan","pid":48146,"level":20,"msg":"Processed: \u001b[35m_posts/技术/cdh/hue.md\u001b[39m","time":"2020-05-27T07:18:08.399Z","v":0}
{"name":"hexo","hostname":"ken.lan","pid":48146,"level":20,"msg":"Processed: \u001b[35m_posts/技术/docker/Dockerfile基础&编写.md\u001b[39m","time":"2020-05-27T07:18:08.400Z","v":0}
{"name":"hexo","hostname":"ken.lan","pid":48146,"level":20,"msg":"Processed: \u001b[35m_posts/技术/docker/docker.md\u001b[39m","time":"2020-05-27T07:18:08.400Z","v":0}
{"name":"hexo","hostname":"ken.lan","pid":48146,"level":20,"msg":"Processed: \u001b[35m_posts/技术/docker/docker操作.md\u001b[39m","time":"2020-05-27T07:18:08.400Z","v":0}
{"name":"hexo","hostname":"ken.lan","pid":48146,"level":20,"msg":"Processed: \u001b[35m_posts/技术/docker/docker镜像.md\u001b[39m","time":"2020-05-27T07:18:08.401Z","v":0}
{"name":"hexo","hostname":"ken.lan","pid":48146,"level":20,"msg":"Processed: \u001b[35m_posts/技术/flink/Flink记录.md\u001b[39m","time":"2020-05-27T07:18:08.401Z","v":0}
{"name":"hexo","hostname":"ken.lan","pid":48146,"level":20,"msg":"Processed: \u001b[35m_posts/技术/es/ES_REST接口.md\u001b[39m","time":"2020-05-27T07:18:08.401Z","v":0}
{"name":"hexo","hostname":"ken.lan","pid":48146,"level":20,"msg":"Processed: \u001b[35m_posts/技术/es/curl.md\u001b[39m","time":"2020-05-27T07:18:08.402Z","v":0}
{"name":"hexo","hostname":"ken.lan","pid":48146,"level":20,"msg":"Processed: \u001b[35m_posts/技术/es/es_book.md\u001b[39m","time":"2020-05-27T07:18:08.402Z","v":0}
{"name":"hexo","hostname":"ken.lan","pid":48146,"level":20,"msg":"Processed: \u001b[35m_posts/技术/es/es小结.md\u001b[39m","time":"2020-05-27T07:18:08.403Z","v":0}
{"name":"hexo","hostname":"ken.lan","pid":48146,"level":20,"msg":"Processed: \u001b[35m_posts/技术/es/es的docker安装.md\u001b[39m","time":"2020-05-27T07:18:08.403Z","v":0}
{"name":"hexo","hostname":"ken.lan","pid":48146,"level":20,"msg":"Processed: \u001b[35m_posts/技术/es/result.md\u001b[39m","time":"2020-05-27T07:18:08.404Z","v":0}
{"name":"hexo","hostname":"ken.lan","pid":48146,"level":20,"msg":"Processed: \u001b[35m_posts/技术/es/共享数据集合.md\u001b[39m","time":"2020-05-27T07:18:08.405Z","v":0}
{"name":"hexo","hostname":"ken.lan","pid":48146,"level":20,"msg":"Processed: \u001b[35m_posts/技术/es/es常用命令.md\u001b[39m","time":"2020-05-27T07:18:08.405Z","v":0}
{"name":"hexo","hostname":"ken.lan","pid":48146,"level":20,"msg":"Processed: \u001b[35m_posts/技术/es/积累.md\u001b[39m","time":"2020-05-27T07:18:08.406Z","v":0}
{"name":"hexo","hostname":"ken.lan","pid":48146,"level":20,"msg":"Processed: \u001b[35m_posts/技术/es/结构化.md\u001b[39m","time":"2020-05-27T07:18:08.406Z","v":0}
{"name":"hexo","hostname":"ken.lan","pid":48146,"level":20,"msg":"Processed: \u001b[35m_posts/技术/flume/Dockerfile\u001b[39m","time":"2020-05-27T07:18:08.406Z","v":0}
{"name":"hexo","hostname":"ken.lan","pid":48146,"level":20,"msg":"Processed: \u001b[35m_posts/技术/flume/Flume.md\u001b[39m","time":"2020-05-27T07:18:08.407Z","v":0}
{"name":"hexo","hostname":"ken.lan","pid":48146,"level":20,"msg":"Processed: \u001b[35m_posts/技术/flume/docker版flume使用.md\u001b[39m","time":"2020-05-27T07:18:08.407Z","v":0}
{"name":"hexo","hostname":"ken.lan","pid":48146,"level":20,"msg":"Processed: \u001b[35m_posts/技术/flume/new\u001b[39m","time":"2020-05-27T07:18:08.408Z","v":0}
{"name":"hexo","hostname":"ken.lan","pid":48146,"level":20,"msg":"Processed: \u001b[35m_posts/技术/front_end/nginx部署.md\u001b[39m","time":"2020-05-27T07:18:08.408Z","v":0}
{"name":"hexo","hostname":"ken.lan","pid":48146,"level":20,"msg":"Processed: \u001b[35m_posts/技术/front_end/调研.md\u001b[39m","time":"2020-05-27T07:18:08.408Z","v":0}
{"name":"hexo","hostname":"ken.lan","pid":48146,"level":20,"msg":"Processed: \u001b[35m_posts/技术/gps/JT809.md\u001b[39m","time":"2020-05-27T07:18:08.409Z","v":0}
{"name":"hexo","hostname":"ken.lan","pid":48146,"level":20,"msg":"Processed: \u001b[35m_posts/技术/hbase/hbase20190109.md\u001b[39m","time":"2020-05-27T07:18:08.409Z","v":0}
{"name":"hexo","hostname":"ken.lan","pid":48146,"level":20,"msg":"Processed: \u001b[35m_posts/技术/hive/hivsql\u001b[39m","time":"2020-05-27T07:18:08.410Z","v":0}
{"name":"hexo","hostname":"ken.lan","pid":48146,"level":20,"msg":"Processed: \u001b[35m_posts/技术/kafka/kafka原理.md\u001b[39m","time":"2020-05-27T07:18:08.410Z","v":0}
{"name":"hexo","hostname":"ken.lan","pid":48146,"level":20,"msg":"Processed: \u001b[35m_posts/技术/kafka/kafka小结.md\u001b[39m","time":"2020-05-27T07:18:08.410Z","v":0}
{"name":"hexo","hostname":"ken.lan","pid":48146,"level":20,"msg":"Processed: \u001b[35m_posts/技术/kafka/kafka疑问点.md\u001b[39m","time":"2020-05-27T07:18:08.410Z","v":0}
{"name":"hexo","hostname":"ken.lan","pid":48146,"level":20,"msg":"Processed: \u001b[35m_posts/技术/owncloud/账号.md\u001b[39m","time":"2020-05-27T07:18:08.411Z","v":0}
{"name":"hexo","hostname":"ken.lan","pid":48146,"level":20,"msg":"Processed: \u001b[35m_posts/技术/platform/platform.md\u001b[39m","time":"2020-05-27T07:18:08.411Z","v":0}
{"name":"hexo","hostname":"ken.lan","pid":48146,"level":20,"msg":"Processed: \u001b[35m_posts/技术/springboot/how to set parm.md\u001b[39m","time":"2020-05-27T07:18:08.411Z","v":0}
{"name":"hexo","hostname":"ken.lan","pid":48146,"level":20,"msg":"Processed: \u001b[35m_posts/技术/ubuntu/desk_gui.md\u001b[39m","time":"2020-05-27T07:18:08.412Z","v":0}
{"name":"hexo","hostname":"ken.lan","pid":48146,"level":20,"msg":"Processed: \u001b[35m_posts/技术/ubuntu/linux自启服务.md\u001b[39m","time":"2020-05-27T07:18:08.412Z","v":0}
{"name":"hexo","hostname":"ken.lan","pid":48146,"level":20,"msg":"Processed: \u001b[35m_posts/技术/yarn/YarnState.md\u001b[39m","time":"2020-05-27T07:18:08.412Z","v":0}
{"name":"hexo","hostname":"ken.lan","pid":48146,"level":20,"msg":"Processed: \u001b[35m_posts/技术/yd_server_config/README.md\u001b[39m","time":"2020-05-27T07:18:08.413Z","v":0}
{"name":"hexo","hostname":"ken.lan","pid":48146,"level":20,"msg":"Processed: \u001b[35m_posts/技术/集群/私有集群.md\u001b[39m","time":"2020-05-27T07:18:08.413Z","v":0}
{"name":"hexo","hostname":"ken.lan","pid":48146,"level":20,"msg":"Processed: \u001b[35m_posts/日常/考试/考试相关.md\u001b[39m","time":"2020-05-27T07:18:08.413Z","v":0}
{"name":"hexo","hostname":"ken.lan","pid":48146,"level":20,"msg":"Processed: \u001b[35m_posts/日常/blog_sync_project/plan.md\u001b[39m","time":"2020-05-27T07:18:08.414Z","v":0}
{"name":"hexo","hostname":"ken.lan","pid":48146,"level":20,"msg":"Processed: \u001b[35msource/css/fonts/icomoon.eot\u001b[39m","time":"2020-05-27T07:18:08.416Z","v":0}
{"name":"hexo","hostname":"ken.lan","pid":48146,"level":20,"msg":"Processed: \u001b[35msource/css/fonts/icomoon.svg\u001b[39m","time":"2020-05-27T07:18:08.417Z","v":0}
{"name":"hexo","hostname":"ken.lan","pid":48146,"level":20,"msg":"Processed: \u001b[35msource/css/fonts/icomoon.ttf\u001b[39m","time":"2020-05-27T07:18:08.418Z","v":0}
{"name":"hexo","hostname":"ken.lan","pid":48146,"level":20,"msg":"Processed: \u001b[35msource/css/fonts/icomoon.woff\u001b[39m","time":"2020-05-27T07:18:08.418Z","v":0}
{"name":"hexo","hostname":"ken.lan","pid":48146,"level":20,"msg":"Processed: \u001b[35msource/css/fonts/iconfont.eot\u001b[39m","time":"2020-05-27T07:18:08.419Z","v":0}
{"name":"hexo","hostname":"ken.lan","pid":48146,"level":20,"msg":"Processed: \u001b[35msource/css/fonts/iconfont.svg\u001b[39m","time":"2020-05-27T07:18:08.419Z","v":0}
{"name":"hexo","hostname":"ken.lan","pid":48146,"level":20,"msg":"Processed: \u001b[35msource/css/fonts/iconfont.ttf\u001b[39m","time":"2020-05-27T07:18:08.420Z","v":0}
{"name":"hexo","hostname":"ken.lan","pid":48146,"level":20,"msg":"Processed: \u001b[35msource/css/fonts/iconfont.woff\u001b[39m","time":"2020-05-27T07:18:08.420Z","v":0}
{"name":"hexo","hostname":"ken.lan","pid":48146,"level":20,"msg":"Processed: \u001b[35msource/css/fonts/iconfont.woff2\u001b[39m","time":"2020-05-27T07:18:08.422Z","v":0}
{"name":"hexo","hostname":"ken.lan","pid":48146,"level":20,"msg":"Processed: \u001b[35msource/css/fonts/selection.json\u001b[39m","time":"2020-05-27T07:18:08.423Z","v":0}
{"name":"hexo","hostname":"ken.lan","pid":48146,"level":20,"msg":"Processed: \u001b[35msource/css/hl_theme/atom-dark.styl\u001b[39m","time":"2020-05-27T07:18:08.423Z","v":0}
{"name":"hexo","hostname":"ken.lan","pid":48146,"level":20,"msg":"Processed: \u001b[35msource/css/hl_theme/atom-light.styl\u001b[39m","time":"2020-05-27T07:18:08.424Z","v":0}
{"name":"hexo","hostname":"ken.lan","pid":48146,"level":20,"msg":"Processed: \u001b[35msource/css/hl_theme/brown-paper.styl\u001b[39m","time":"2020-05-27T07:18:08.424Z","v":0}
{"name":"hexo","hostname":"ken.lan","pid":48146,"level":20,"msg":"Processed: \u001b[35msource/css/hl_theme/darcula.styl\u001b[39m","time":"2020-05-27T07:18:08.425Z","v":0}
{"name":"hexo","hostname":"ken.lan","pid":48146,"level":20,"msg":"Processed: \u001b[35msource/css/hl_theme/github-gist.styl\u001b[39m","time":"2020-05-27T07:18:08.425Z","v":0}
{"name":"hexo","hostname":"ken.lan","pid":48146,"level":20,"msg":"Processed: \u001b[35msource/css/hl_theme/github.styl\u001b[39m","time":"2020-05-27T07:18:08.426Z","v":0}
{"name":"hexo","hostname":"ken.lan","pid":48146,"level":20,"msg":"Processed: \u001b[35msource/css/hl_theme/gruvbox-dark.styl\u001b[39m","time":"2020-05-27T07:18:08.427Z","v":0}
{"name":"hexo","hostname":"ken.lan","pid":48146,"level":20,"msg":"Processed: \u001b[35msource/css/hl_theme/gruvbox-light.styl\u001b[39m","time":"2020-05-27T07:18:08.428Z","v":0}
{"name":"hexo","hostname":"ken.lan","pid":48146,"level":20,"msg":"Processed: \u001b[35msource/css/hl_theme/kimbie-dark.styl\u001b[39m","time":"2020-05-27T07:18:08.428Z","v":0}
{"name":"hexo","hostname":"ken.lan","pid":48146,"level":20,"msg":"Processed: \u001b[35msource/css/hl_theme/kimbie-light.styl\u001b[39m","time":"2020-05-27T07:18:08.435Z","v":0}
{"name":"hexo","hostname":"ken.lan","pid":48146,"level":20,"msg":"Processed: \u001b[35msource/css/hl_theme/railscasts.styl\u001b[39m","time":"2020-05-27T07:18:08.436Z","v":0}
{"name":"hexo","hostname":"ken.lan","pid":48146,"level":20,"msg":"Processed: \u001b[35msource/css/hl_theme/rainbow.styl\u001b[39m","time":"2020-05-27T07:18:08.437Z","v":0}
{"name":"hexo","hostname":"ken.lan","pid":48146,"level":20,"msg":"Processed: \u001b[35msource/css/hl_theme/school-book.styl\u001b[39m","time":"2020-05-27T07:18:08.438Z","v":0}
{"name":"hexo","hostname":"ken.lan","pid":48146,"level":20,"msg":"Processed: \u001b[35msource/css/hl_theme/sublime.styl\u001b[39m","time":"2020-05-27T07:18:08.438Z","v":0}
{"name":"hexo","hostname":"ken.lan","pid":48146,"level":20,"msg":"Processed: \u001b[35msource/css/hl_theme/sunburst.styl\u001b[39m","time":"2020-05-27T07:18:08.439Z","v":0}
{"name":"hexo","hostname":"ken.lan","pid":48146,"level":20,"msg":"Processed: \u001b[35msource/css/hl_theme/zenbum.styl\u001b[39m","time":"2020-05-27T07:18:08.439Z","v":0}
{"name":"hexo","hostname":"ken.lan","pid":48146,"level":20,"msg":"Processed: \u001b[35msource/js/gitment.js\u001b[39m","time":"2020-05-27T07:18:08.441Z","v":0}
{"name":"hexo","hostname":"ken.lan","pid":48146,"level":20,"msg":"Processed: \u001b[35m_posts/技术/hexo/Thread/多线程.md\u001b[39m","time":"2020-05-27T07:18:08.448Z","v":0}
{"name":"hexo","hostname":"ken.lan","pid":48146,"level":20,"msg":"Processed: \u001b[35m_posts/技术/python/learn/pytest.py\u001b[39m","time":"2020-05-27T07:18:08.449Z","v":0}
{"name":"hexo","hostname":"ken.lan","pid":48146,"level":20,"msg":"Processed: \u001b[35mlayout/_partial/article.ejs\u001b[39m","time":"2020-05-27T07:18:08.458Z","v":0}
{"name":"hexo","hostname":"ken.lan","pid":48146,"level":20,"msg":"Processed: \u001b[35mlayout/_partial/article_copyright.ejs\u001b[39m","time":"2020-05-27T07:18:08.458Z","v":0}
{"name":"hexo","hostname":"ken.lan","pid":48146,"level":20,"msg":"Processed: \u001b[35mlayout/_partial/comment.ejs\u001b[39m","time":"2020-05-27T07:18:08.458Z","v":0}
{"name":"hexo","hostname":"ken.lan","pid":48146,"level":20,"msg":"Processed: \u001b[35mlayout/_partial/dashang.ejs\u001b[39m","time":"2020-05-27T07:18:08.459Z","v":0}
{"name":"hexo","hostname":"ken.lan","pid":48146,"level":20,"msg":"Processed: \u001b[35mlayout/_partial/friends.ejs\u001b[39m","time":"2020-05-27T07:18:08.459Z","v":0}
{"name":"hexo","hostname":"ken.lan","pid":48146,"level":20,"msg":"Processed: \u001b[35mlayout/_partial/copyright.ejs\u001b[39m","time":"2020-05-27T07:18:08.459Z","v":0}
{"name":"hexo","hostname":"ken.lan","pid":48146,"level":20,"msg":"Processed: \u001b[35mlayout/_partial/full-toc.ejs\u001b[39m","time":"2020-05-27T07:18:08.459Z","v":0}
{"name":"hexo","hostname":"ken.lan","pid":48146,"level":20,"msg":"Processed: \u001b[35mlayout/_partial/footer.ejs\u001b[39m","time":"2020-05-27T07:18:08.459Z","v":0}
{"name":"hexo","hostname":"ken.lan","pid":48146,"level":20,"msg":"Processed: \u001b[35mlayout/_partial/header.ejs\u001b[39m","time":"2020-05-27T07:18:08.459Z","v":0}
{"name":"hexo","hostname":"ken.lan","pid":48146,"level":20,"msg":"Processed: \u001b[35mlayout/_partial/mathjax.ejs\u001b[39m","time":"2020-05-27T07:18:08.459Z","v":0}
{"name":"hexo","hostname":"ken.lan","pid":48146,"level":20,"msg":"Processed: \u001b[35mlayout/_partial/nav-left.ejs\u001b[39m","time":"2020-05-27T07:18:08.459Z","v":0}
{"name":"hexo","hostname":"ken.lan","pid":48146,"level":20,"msg":"Processed: \u001b[35mlayout/_partial/meta.ejs\u001b[39m","time":"2020-05-27T07:18:08.459Z","v":0}
{"name":"hexo","hostname":"ken.lan","pid":48146,"level":20,"msg":"Processed: \u001b[35mlayout/_partial/nav-right.ejs\u001b[39m","time":"2020-05-27T07:18:08.460Z","v":0}
{"name":"hexo","hostname":"ken.lan","pid":48146,"level":20,"msg":"Processed: \u001b[35mlayout/_partial/tag.ejs\u001b[39m","time":"2020-05-27T07:18:08.460Z","v":0}
{"name":"hexo","hostname":"ken.lan","pid":48146,"level":20,"msg":"Processed: \u001b[35mlayout/_partial/toc-ref.ejs\u001b[39m","time":"2020-05-27T07:18:08.460Z","v":0}
{"name":"hexo","hostname":"ken.lan","pid":48146,"level":20,"msg":"Processed: \u001b[35m_posts/技术/bash/awk/awk.md\u001b[39m","time":"2020-05-27T07:18:08.461Z","v":0}
{"name":"hexo","hostname":"ken.lan","pid":48146,"level":20,"msg":"Processed: \u001b[35m_posts/技术/bash/yd/manager.sh\u001b[39m","time":"2020-05-27T07:18:08.461Z","v":0}
{"name":"hexo","hostname":"ken.lan","pid":48146,"level":20,"msg":"Processed: \u001b[35m_posts/技术/flume/config/kafka_spool.conf\u001b[39m","time":"2020-05-27T07:18:08.461Z","v":0}
{"name":"hexo","hostname":"ken.lan","pid":48146,"level":20,"msg":"Processed: \u001b[35m_posts/技术/flume/config/kafka_test.conf\u001b[39m","time":"2020-05-27T07:18:08.462Z","v":0}
{"name":"hexo","hostname":"ken.lan","pid":48146,"level":20,"msg":"Processed: \u001b[35m_posts/技术/front_end/conf/h-ui.conf\u001b[39m","time":"2020-05-27T07:18:08.462Z","v":0}
{"name":"hexo","hostname":"ken.lan","pid":48146,"level":20,"msg":"Processed: \u001b[35m_posts/技术/front_end/接口规划/data-manager.md\u001b[39m","time":"2020-05-27T07:18:08.463Z","v":0}
{"name":"hexo","hostname":"ken.lan","pid":48146,"level":20,"msg":"Processed: \u001b[35m_posts/技术/hexo/CDH/搭建.md\u001b[39m","time":"2020-05-27T07:18:08.463Z","v":0}
{"name":"hexo","hostname":"ken.lan","pid":48146,"level":20,"msg":"Processed: \u001b[35m_posts/技术/hexo/flink/Flink.md\u001b[39m","time":"2020-05-27T07:18:08.463Z","v":0}
{"name":"hexo","hostname":"ken.lan","pid":48146,"level":20,"msg":"Processed: \u001b[35m_posts/技术/hexo/hadoop/hadoopHA搭建.md\u001b[39m","time":"2020-05-27T07:18:08.464Z","v":0}
{"name":"hexo","hostname":"ken.lan","pid":48146,"level":20,"msg":"Processed: \u001b[35m_posts/技术/hexo/kafka/kafka实现.md\u001b[39m","time":"2020-05-27T07:18:08.464Z","v":0}
{"name":"hexo","hostname":"ken.lan","pid":48146,"level":20,"msg":"Processed: \u001b[35m_posts/技术/hexo/old/Lamda积累.md\u001b[39m","time":"2020-05-27T07:18:08.464Z","v":0}
{"name":"hexo","hostname":"ken.lan","pid":48146,"level":20,"msg":"Processed: \u001b[35m_posts/技术/hexo/old/Yarn配置.md\u001b[39m","time":"2020-05-27T07:18:08.465Z","v":0}
{"name":"hexo","hostname":"ken.lan","pid":48146,"level":20,"msg":"Processed: \u001b[35m_posts/技术/hexo/old/flume记录.md\u001b[39m","time":"2020-05-27T07:18:08.465Z","v":0}
{"name":"hexo","hostname":"ken.lan","pid":48146,"level":20,"msg":"Processed: \u001b[35m_posts/技术/hexo/old/hbase积累.md\u001b[39m","time":"2020-05-27T07:18:08.465Z","v":0}
{"name":"hexo","hostname":"ken.lan","pid":48146,"level":20,"msg":"Processed: \u001b[35m_posts/技术/hexo/old/hive总结.md\u001b[39m","time":"2020-05-27T07:18:08.465Z","v":0}
{"name":"hexo","hostname":"ken.lan","pid":48146,"level":20,"msg":"Processed: \u001b[35m_posts/技术/hexo/old/kafka.md\u001b[39m","time":"2020-05-27T07:18:08.466Z","v":0}
{"name":"hexo","hostname":"ken.lan","pid":48146,"level":20,"msg":"Processed: \u001b[35m_posts/技术/hexo/old/mapreduce组件总结.md\u001b[39m","time":"2020-05-27T07:18:08.466Z","v":0}
{"name":"hexo","hostname":"ken.lan","pid":48146,"level":20,"msg":"Processed: \u001b[35m_posts/技术/hexo/old/spark学习2.md\u001b[39m","time":"2020-05-27T07:18:08.466Z","v":0}
{"name":"hexo","hostname":"ken.lan","pid":48146,"level":20,"msg":"Processed: \u001b[35m_posts/技术/hexo/old/spark学习.md\u001b[39m","time":"2020-05-27T07:18:08.467Z","v":0}
{"name":"hexo","hostname":"ken.lan","pid":48146,"level":20,"msg":"Processed: \u001b[35m_posts/技术/hexo/old/spark学习3.md\u001b[39m","time":"2020-05-27T07:18:08.467Z","v":0}
{"name":"hexo","hostname":"ken.lan","pid":48146,"level":20,"msg":"Processed: \u001b[35m_posts/技术/hexo/old/spark算子.md\u001b[39m","time":"2020-05-27T07:18:08.467Z","v":0}
{"name":"hexo","hostname":"ken.lan","pid":48146,"level":20,"msg":"Processed: \u001b[35m_posts/技术/hexo/old/sqoop记录.md\u001b[39m","time":"2020-05-27T07:18:08.468Z","v":0}
{"name":"hexo","hostname":"ken.lan","pid":48146,"level":20,"msg":"Processed: \u001b[35m_posts/技术/hexo/old/准备小结.md\u001b[39m","time":"2020-05-27T07:18:08.468Z","v":0}
{"name":"hexo","hostname":"ken.lan","pid":48146,"level":20,"msg":"Processed: \u001b[35m_posts/技术/hexo/old/大数据相关分享.md\u001b[39m","time":"2020-05-27T07:18:08.468Z","v":0}
{"name":"hexo","hostname":"ken.lan","pid":48146,"level":20,"msg":"Processed: \u001b[35m_posts/技术/hexo/oldblog/blog1.md\u001b[39m","time":"2020-05-27T07:18:08.469Z","v":0}
{"name":"hexo","hostname":"ken.lan","pid":48146,"level":20,"msg":"Processed: \u001b[35m_posts/技术/hexo/oldblog/blog10.md\u001b[39m","time":"2020-05-27T07:18:08.469Z","v":0}
{"name":"hexo","hostname":"ken.lan","pid":48146,"level":20,"msg":"Processed: \u001b[35m_posts/技术/hexo/oldblog/blog12.md\u001b[39m","time":"2020-05-27T07:18:08.469Z","v":0}
{"name":"hexo","hostname":"ken.lan","pid":48146,"level":20,"msg":"Processed: \u001b[35m_posts/技术/hexo/oldblog/blog13.md\u001b[39m","time":"2020-05-27T07:18:08.469Z","v":0}
{"name":"hexo","hostname":"ken.lan","pid":48146,"level":20,"msg":"Processed: \u001b[35m_posts/技术/hexo/oldblog/blog11.md\u001b[39m","time":"2020-05-27T07:18:08.470Z","v":0}
{"name":"hexo","hostname":"ken.lan","pid":48146,"level":20,"msg":"Processed: \u001b[35m_posts/技术/hexo/oldblog/blog14.md\u001b[39m","time":"2020-05-27T07:18:08.470Z","v":0}
{"name":"hexo","hostname":"ken.lan","pid":48146,"level":20,"msg":"Processed: \u001b[35m_posts/技术/hexo/oldblog/blog15.md\u001b[39m","time":"2020-05-27T07:18:08.471Z","v":0}
{"name":"hexo","hostname":"ken.lan","pid":48146,"level":20,"msg":"Processed: \u001b[35m_posts/技术/hexo/oldblog/blog16.md\u001b[39m","time":"2020-05-27T07:18:08.471Z","v":0}
{"name":"hexo","hostname":"ken.lan","pid":48146,"level":20,"msg":"Processed: \u001b[35m_posts/技术/hexo/oldblog/blog17.md\u001b[39m","time":"2020-05-27T07:18:08.472Z","v":0}
{"name":"hexo","hostname":"ken.lan","pid":48146,"level":20,"msg":"Processed: \u001b[35m_posts/技术/hexo/oldblog/blog18.md\u001b[39m","time":"2020-05-27T07:18:08.472Z","v":0}
{"name":"hexo","hostname":"ken.lan","pid":48146,"level":20,"msg":"Processed: \u001b[35m_posts/技术/hexo/oldblog/blog19.md\u001b[39m","time":"2020-05-27T07:18:08.472Z","v":0}
{"name":"hexo","hostname":"ken.lan","pid":48146,"level":20,"msg":"Processed: \u001b[35m_posts/技术/hexo/oldblog/blog2.md\u001b[39m","time":"2020-05-27T07:18:08.473Z","v":0}
{"name":"hexo","hostname":"ken.lan","pid":48146,"level":20,"msg":"Processed: \u001b[35m_posts/技术/hexo/oldblog/blog20.md\u001b[39m","time":"2020-05-27T07:18:08.473Z","v":0}
{"name":"hexo","hostname":"ken.lan","pid":48146,"level":20,"msg":"Processed: \u001b[35m_posts/技术/hexo/oldblog/blog21.md\u001b[39m","time":"2020-05-27T07:18:08.473Z","v":0}
{"name":"hexo","hostname":"ken.lan","pid":48146,"level":20,"msg":"Processed: \u001b[35m_posts/技术/hexo/oldblog/blog22.md\u001b[39m","time":"2020-05-27T07:18:08.473Z","v":0}
{"name":"hexo","hostname":"ken.lan","pid":48146,"level":20,"msg":"Processed: \u001b[35m_posts/技术/hexo/oldblog/blog23.md\u001b[39m","time":"2020-05-27T07:18:08.474Z","v":0}
{"name":"hexo","hostname":"ken.lan","pid":48146,"level":20,"msg":"Processed: \u001b[35m_posts/技术/hexo/oldblog/blog25.md\u001b[39m","time":"2020-05-27T07:18:08.474Z","v":0}
{"name":"hexo","hostname":"ken.lan","pid":48146,"level":20,"msg":"Processed: \u001b[35m_posts/技术/hexo/oldblog/blog24.md\u001b[39m","time":"2020-05-27T07:18:08.474Z","v":0}
{"name":"hexo","hostname":"ken.lan","pid":48146,"level":20,"msg":"Processed: \u001b[35m_posts/技术/hexo/oldblog/blog26.md\u001b[39m","time":"2020-05-27T07:18:08.475Z","v":0}
{"name":"hexo","hostname":"ken.lan","pid":48146,"level":20,"msg":"Processed: \u001b[35m_posts/技术/hexo/oldblog/blog4.md\u001b[39m","time":"2020-05-27T07:18:08.475Z","v":0}
{"name":"hexo","hostname":"ken.lan","pid":48146,"level":20,"msg":"Processed: \u001b[35m_posts/技术/hexo/oldblog/blog3.md\u001b[39m","time":"2020-05-27T07:18:08.475Z","v":0}
{"name":"hexo","hostname":"ken.lan","pid":48146,"level":20,"msg":"Processed: \u001b[35m_posts/技术/hexo/oldblog/blog7.md\u001b[39m","time":"2020-05-27T07:18:08.476Z","v":0}
{"name":"hexo","hostname":"ken.lan","pid":48146,"level":20,"msg":"Processed: \u001b[35m_posts/技术/hexo/oldblog/blog6.md\u001b[39m","time":"2020-05-27T07:18:08.476Z","v":0}
{"name":"hexo","hostname":"ken.lan","pid":48146,"level":20,"msg":"Processed: \u001b[35m_posts/技术/hexo/oldblog/blog8.md\u001b[39m","time":"2020-05-27T07:18:08.476Z","v":0}
{"name":"hexo","hostname":"ken.lan","pid":48146,"level":20,"msg":"Processed: \u001b[35m_posts/技术/hexo/oldblog/blog9.md\u001b[39m","time":"2020-05-27T07:18:08.476Z","v":0}
{"name":"hexo","hostname":"ken.lan","pid":48146,"level":20,"msg":"Processed: \u001b[35m_posts/技术/hexo/spark/spark操作.md\u001b[39m","time":"2020-05-27T07:18:08.477Z","v":0}
{"name":"hexo","hostname":"ken.lan","pid":48146,"level":20,"msg":"Processed: \u001b[35m_posts/技术/hexo/spark/stream2.md\u001b[39m","time":"2020-05-27T07:18:08.477Z","v":0}
{"name":"hexo","hostname":"ken.lan","pid":48146,"level":20,"msg":"Processed: \u001b[35m_posts/技术/hexo/spark/宽窄依赖.md\u001b[39m","time":"2020-05-27T07:18:08.477Z","v":0}
{"name":"hexo","hostname":"ken.lan","pid":48146,"level":20,"msg":"Processed: \u001b[35m_posts/技术/hexo/spark/stream.md\u001b[39m","time":"2020-05-27T07:18:08.478Z","v":0}
{"name":"hexo","hostname":"ken.lan","pid":48146,"level":20,"msg":"Processed: \u001b[35m_posts/技术/python/summary/2020.3.17.md\u001b[39m","time":"2020-05-27T07:18:08.478Z","v":0}
{"name":"hexo","hostname":"ken.lan","pid":48146,"level":20,"msg":"Processed: \u001b[35m_posts/技术/yd_server_config/sjksh_store_info/common.env\u001b[39m","time":"2020-05-27T07:18:08.479Z","v":0}
{"name":"hexo","hostname":"ken.lan","pid":48146,"level":20,"msg":"Processed: \u001b[35m_posts/技术/yg_config/hy-sjksh-info-dev/common.env\u001b[39m","time":"2020-05-27T07:18:08.481Z","v":0}
{"name":"hexo","hostname":"ken.lan","pid":48146,"level":20,"msg":"Processed: \u001b[35m_posts/技术/集群/hbase/hbase-site.xml\u001b[39m","time":"2020-05-27T07:18:08.482Z","v":0}
{"name":"hexo","hostname":"ken.lan","pid":48146,"level":20,"msg":"Processed: \u001b[35m_posts/技术/集群/hbase/regionservers\u001b[39m","time":"2020-05-27T07:18:08.482Z","v":0}
{"name":"hexo","hostname":"ken.lan","pid":48146,"level":20,"msg":"Processed: \u001b[35m_posts/技术/集群/hdfs/core-site.xml\u001b[39m","time":"2020-05-27T07:18:08.482Z","v":0}
{"name":"hexo","hostname":"ken.lan","pid":48146,"level":20,"msg":"Processed: \u001b[35m_posts/技术/集群/hdfs/hdfs-site.xml\u001b[39m","time":"2020-05-27T07:18:08.482Z","v":0}
{"name":"hexo","hostname":"ken.lan","pid":48146,"level":20,"msg":"Processed: \u001b[35m_posts/技术/集群/hdfs/mapred-site.xml\u001b[39m","time":"2020-05-27T07:18:08.483Z","v":0}
{"name":"hexo","hostname":"ken.lan","pid":48146,"level":20,"msg":"Processed: \u001b[35m_posts/技术/集群/hdfs/slaves\u001b[39m","time":"2020-05-27T07:18:08.483Z","v":0}
{"name":"hexo","hostname":"ken.lan","pid":48146,"level":20,"msg":"Processed: \u001b[35m_posts/技术/集群/hdfs/yarn-site.xml\u001b[39m","time":"2020-05-27T07:18:08.483Z","v":0}
{"name":"hexo","hostname":"ken.lan","pid":48146,"level":20,"msg":"Processed: \u001b[35m_posts/技术/集群/zookeeper/zoo.cfg\u001b[39m","time":"2020-05-27T07:18:08.484Z","v":0}
{"name":"hexo","hostname":"ken.lan","pid":48146,"level":20,"msg":"Processed: \u001b[35m_posts/日常/blog_sync_project/bash/git_pull.sh\u001b[39m","time":"2020-05-27T07:18:08.484Z","v":0}
{"name":"hexo","hostname":"ken.lan","pid":48146,"level":20,"msg":"Processed: \u001b[35mlayout/_partial/comments/click2show.ejs\u001b[39m","time":"2020-05-27T07:18:08.493Z","v":0}
{"name":"hexo","hostname":"ken.lan","pid":48146,"level":20,"msg":"Processed: \u001b[35mlayout/_partial/comments/gitalk.ejs\u001b[39m","time":"2020-05-27T07:18:08.493Z","v":0}
{"name":"hexo","hostname":"ken.lan","pid":48146,"level":20,"msg":"Processed: \u001b[35mlayout/_partial/comments/gitment.ejs\u001b[39m","time":"2020-05-27T07:18:08.493Z","v":0}
{"name":"hexo","hostname":"ken.lan","pid":48146,"level":20,"msg":"Processed: \u001b[35mlayout/_partial/comments/utteranc.ejs\u001b[39m","time":"2020-05-27T07:18:08.493Z","v":0}
{"name":"hexo","hostname":"ken.lan","pid":48146,"level":20,"msg":"Processed: \u001b[35mlayout/_partial/comments/livere.ejs\u001b[39m","time":"2020-05-27T07:18:08.494Z","v":0}
{"name":"hexo","hostname":"ken.lan","pid":48146,"level":20,"msg":"Processed: \u001b[35mlayout/_partial/comments/disqus.ejs\u001b[39m","time":"2020-05-27T07:18:08.494Z","v":0}
{"name":"hexo","hostname":"ken.lan","pid":48146,"level":20,"msg":"Processed: \u001b[35m_posts/技术/bash/awk/script/example.txt\u001b[39m","time":"2020-05-27T07:18:08.494Z","v":0}
{"name":"hexo","hostname":"ken.lan","pid":48146,"level":20,"msg":"Processed: \u001b[35m_posts/技术/bash/awk/script/add.awk\u001b[39m","time":"2020-05-27T07:18:08.495Z","v":0}
{"name":"hexo","hostname":"ken.lan","pid":48146,"level":20,"msg":"Processed: \u001b[35m_posts/技术/bash/awk/script/cal.awk\u001b[39m","time":"2020-05-27T07:18:08.495Z","v":0}
{"name":"hexo","hostname":"ken.lan","pid":48146,"level":20,"msg":"Processed: \u001b[35m_posts/技术/bash/awk/script/number.awk\u001b[39m","time":"2020-05-27T07:18:08.496Z","v":0}
{"name":"hexo","hostname":"ken.lan","pid":48146,"level":20,"msg":"Processed: \u001b[35m_posts/技术/bash/awk/script/test.awk\u001b[39m","time":"2020-05-27T07:18:08.496Z","v":0}
{"name":"hexo","hostname":"ken.lan","pid":48146,"level":20,"msg":"Processed: \u001b[35m_posts/技术/bash/awk/script/test.txt\u001b[39m","time":"2020-05-27T07:18:08.496Z","v":0}
{"name":"hexo","hostname":"ken.lan","pid":48146,"level":20,"msg":"Processed: \u001b[35m_posts/技术/hexo/hadoop/hdfs/hdfs操作.md\u001b[39m","time":"2020-05-27T07:18:08.497Z","v":0}
{"name":"hexo","hostname":"ken.lan","pid":48146,"level":20,"msg":"Processed: \u001b[35m_posts/技术/hexo/spark/sql/SparkSql.md\u001b[39m","time":"2020-05-27T07:18:08.497Z","v":0}
{"name":"hexo","hostname":"ken.lan","pid":48146,"level":20,"msg":"Processed: \u001b[35m_posts/技术/hexo/hadoop/hbase/hbase操作.md\u001b[39m","time":"2020-05-27T07:18:08.497Z","v":0}
{"name":"hexo","hostname":"ken.lan","pid":48146,"level":20,"msg":"Processed: \u001b[35m_posts/技术/hexo/hadoop/hdfs/hdfs命令.md\u001b[39m","time":"2020-05-27T07:18:08.497Z","v":0}
{"name":"hexo","hostname":"ken.lan","pid":48146,"level":20,"msg":"Processed: \u001b[35m_posts/技术/yg_config/hy-sjksh-info-dev/docker-compose.yaml\u001b[39m","time":"2020-05-27T07:18:08.513Z","v":0}
{"name":"hexo","hostname":"ken.lan","pid":48146,"level":20,"msg":"Processed: \u001b[35m_posts/技术/yd_server_config/sjksh_store_info/docker-compose.yaml\u001b[39m","time":"2020-05-27T07:18:08.513Z","v":0}
{"name":"hexo","hostname":"ken.lan","pid":48146,"level":20,"msg":"Processed: \u001b[35m_posts/技术/hexo/Users/wqkenqing/Desktop/qiniu_idea/GKW7SA.png\u001b[39m","time":"2020-05-27T07:18:08.515Z","v":0}
{"name":"hexo","hostname":"ken.lan","pid":48146,"level":20,"msg":"Processed: \u001b[35msource/js/gitalk.js\u001b[39m","time":"2020-05-27T07:18:08.516Z","v":0}
{"name":"hexo","hostname":"ken.lan","pid":48146,"level":20,"msg":"Processed: \u001b[35m_posts/技术/hexo/Users/wqkenqing/Desktop/qiniu_idea/WSZpdf.png\u001b[39m","time":"2020-05-27T07:18:08.516Z","v":0}
{"name":"hexo","hostname":"ken.lan","pid":48146,"level":20,"msg":"Rendering post: \u001b[35m/Users/wqkenqing/Desktop/文档/日常文档/daydoc/source/_posts/技术/yg_config/hy-sjksh-info-dev/docker-compose.yaml\u001b[39m","time":"2020-05-27T07:18:08.520Z","v":0}
{"name":"hexo","hostname":"ken.lan","pid":48146,"level":20,"msg":"Rendering post: \u001b[35m/Users/wqkenqing/Desktop/文档/日常文档/daydoc/source/_posts/技术/yd_server_config/sjksh_store_info/docker-compose.yaml\u001b[39m","time":"2020-05-27T07:18:08.520Z","v":0}
{"name":"hexo","hostname":"ken.lan","pid":48146,"level":20,"msg":"Generator: \u001b[35mpage\u001b[39m","time":"2020-05-27T07:18:08.629Z","v":0}
{"name":"hexo","hostname":"ken.lan","pid":48146,"level":20,"msg":"Generator: \u001b[35mpost\u001b[39m","time":"2020-05-27T07:18:08.629Z","v":0}
{"name":"hexo","hostname":"ken.lan","pid":48146,"level":20,"msg":"Generator: \u001b[35masset\u001b[39m","time":"2020-05-27T07:18:08.630Z","v":0}
{"name":"hexo","hostname":"ken.lan","pid":48146,"level":30,"msg":"Files loaded in \u001b[36m386 ms\u001b[39m","time":"2020-05-27T07:18:08.633Z","v":0}
{"name":"hexo","hostname":"ken.lan","pid":48146,"level":20,"msg":"Rendering HTML post: \u001b[35m2020/05/27/技术/yg_config/hy-sjksh-info-dev/docker-compose/index.html\u001b[39m","time":"2020-05-27T07:18:08.648Z","v":0}
{"name":"hexo","hostname":"ken.lan","pid":48146,"level":20,"msg":"Rendering HTML post: \u001b[35m2020/05/27/技术/yd_server_config/sjksh_store_info/docker-compose/index.html\u001b[39m","time":"2020-05-27T07:18:08.649Z","v":0}
{"name":"hexo","hostname":"ken.lan","pid":48146,"level":30,"msg":"Generated: \u001b[35mCNAME\u001b[39m","time":"2020-05-27T07:18:08.736Z","v":0}
{"name":"hexo","hostname":"ken.lan","pid":48146,"level":30,"msg":"Generated: \u001b[35mcategories/index.md\u001b[39m","time":"2020-05-27T07:18:08.740Z","v":0}
{"name":"hexo","hostname":"ken.lan","pid":48146,"level":30,"msg":"Generated: \u001b[35mcss/mobile.styl\u001b[39m","time":"2020-05-27T07:18:08.740Z","v":0}
{"name":"hexo","hostname":"ken.lan","pid":48146,"level":30,"msg":"Generated: \u001b[35mtags/index.md\u001b[39m","time":"2020-05-27T07:18:08.740Z","v":0}
{"name":"hexo","hostname":"ken.lan","pid":48146,"level":30,"msg":"Generated: \u001b[35mcss/gitalk.css\u001b[39m","time":"2020-05-27T07:18:08.740Z","v":0}
{"name":"hexo","hostname":"ken.lan","pid":48146,"level":30,"msg":"Generated: \u001b[35mimg/alipay.jpg\u001b[39m","time":"2020-05-27T07:18:08.741Z","v":0}
{"name":"hexo","hostname":"ken.lan","pid":48146,"level":30,"msg":"Generated: \u001b[35mimg/school-book.png\u001b[39m","time":"2020-05-27T07:18:08.741Z","v":0}
{"name":"hexo","hostname":"ken.lan","pid":48146,"level":30,"msg":"Generated: \u001b[35mimg/article-list-background.jpeg\u001b[39m","time":"2020-05-27T07:18:08.741Z","v":0}
{"name":"hexo","hostname":"ken.lan","pid":48146,"level":30,"msg":"Generated: \u001b[35mcss/style.styl\u001b[39m","time":"2020-05-27T07:18:08.741Z","v":0}
{"name":"hexo","hostname":"ken.lan","pid":48146,"level":30,"msg":"Generated: \u001b[35mimg/gov.png\u001b[39m","time":"2020-05-27T07:18:08.742Z","v":0}
{"name":"hexo","hostname":"ken.lan","pid":48146,"level":30,"msg":"Generated: \u001b[35mimg/brown-papersq.png\u001b[39m","time":"2020-05-27T07:18:08.742Z","v":0}
{"name":"hexo","hostname":"ken.lan","pid":48146,"level":30,"msg":"Generated: \u001b[35mimg/avatar.jpg\u001b[39m","time":"2020-05-27T07:18:08.742Z","v":0}
{"name":"hexo","hostname":"ken.lan","pid":48146,"level":30,"msg":"Generated: \u001b[35mimg/weixin.jpg\u001b[39m","time":"2020-05-27T07:18:08.744Z","v":0}
{"name":"hexo","hostname":"ken.lan","pid":48146,"level":30,"msg":"Generated: \u001b[35mjs/search.js\u001b[39m","time":"2020-05-27T07:18:08.745Z","v":0}
{"name":"hexo","hostname":"ken.lan","pid":48146,"level":30,"msg":"Generated: \u001b[35mcss/fonts/selection.json\u001b[39m","time":"2020-05-27T07:18:08.745Z","v":0}
{"name":"hexo","hostname":"ken.lan","pid":48146,"level":30,"msg":"Generated: \u001b[35mcss/hl_theme/atom-dark.styl\u001b[39m","time":"2020-05-27T07:18:08.745Z","v":0}
{"name":"hexo","hostname":"ken.lan","pid":48146,"level":30,"msg":"Generated: \u001b[35mjs/titleTip.js\u001b[39m","time":"2020-05-27T07:18:08.745Z","v":0}
{"name":"hexo","hostname":"ken.lan","pid":48146,"level":30,"msg":"Generated: \u001b[35mjs/iconfont.js\u001b[39m","time":"2020-05-27T07:18:08.746Z","v":0}
{"name":"hexo","hostname":"ken.lan","pid":48146,"level":30,"msg":"Generated: \u001b[35mcss/fonts/icomoon.eot\u001b[39m","time":"2020-05-27T07:18:08.746Z","v":0}
{"name":"hexo","hostname":"ken.lan","pid":48146,"level":30,"msg":"Generated: \u001b[35mcss/fonts/icomoon.woff\u001b[39m","time":"2020-05-27T07:18:08.746Z","v":0}
{"name":"hexo","hostname":"ken.lan","pid":48146,"level":30,"msg":"Generated: \u001b[35mcss/fonts/icomoon.svg\u001b[39m","time":"2020-05-27T07:18:08.746Z","v":0}
{"name":"hexo","hostname":"ken.lan","pid":48146,"level":30,"msg":"Generated: \u001b[35mcss/fonts/iconfont.eot\u001b[39m","time":"2020-05-27T07:18:08.746Z","v":0}
{"name":"hexo","hostname":"ken.lan","pid":48146,"level":30,"msg":"Generated: \u001b[35mcss/fonts/icomoon.ttf\u001b[39m","time":"2020-05-27T07:18:08.746Z","v":0}
{"name":"hexo","hostname":"ken.lan","pid":48146,"level":30,"msg":"Generated: \u001b[35mcss/fonts/iconfont.woff2\u001b[39m","time":"2020-05-27T07:18:08.747Z","v":0}
{"name":"hexo","hostname":"ken.lan","pid":48146,"level":30,"msg":"Generated: \u001b[35mcss/fonts/iconfont.ttf\u001b[39m","time":"2020-05-27T07:18:08.747Z","v":0}
{"name":"hexo","hostname":"ken.lan","pid":48146,"level":30,"msg":"Generated: \u001b[35mcss/hl_theme/brown-paper.styl\u001b[39m","time":"2020-05-27T07:18:08.747Z","v":0}
{"name":"hexo","hostname":"ken.lan","pid":48146,"level":30,"msg":"Generated: \u001b[35mcss/hl_theme/darcula.styl\u001b[39m","time":"2020-05-27T07:18:08.747Z","v":0}
{"name":"hexo","hostname":"ken.lan","pid":48146,"level":30,"msg":"Generated: \u001b[35mcss/fonts/iconfont.woff\u001b[39m","time":"2020-05-27T07:18:08.747Z","v":0}
{"name":"hexo","hostname":"ken.lan","pid":48146,"level":30,"msg":"Generated: \u001b[35mjs/jquery.pjax.js\u001b[39m","time":"2020-05-27T07:18:08.748Z","v":0}
{"name":"hexo","hostname":"ken.lan","pid":48146,"level":30,"msg":"Generated: \u001b[35mcss/fonts/iconfont.svg\u001b[39m","time":"2020-05-27T07:18:08.748Z","v":0}
{"name":"hexo","hostname":"ken.lan","pid":48146,"level":30,"msg":"Generated: \u001b[35mjs/gitment.js\u001b[39m","time":"2020-05-27T07:18:08.748Z","v":0}
{"name":"hexo","hostname":"ken.lan","pid":48146,"level":30,"msg":"Generated: \u001b[35mcss/hl_theme/gruvbox-dark.styl\u001b[39m","time":"2020-05-27T07:18:08.748Z","v":0}
{"name":"hexo","hostname":"ken.lan","pid":48146,"level":30,"msg":"Generated: \u001b[35mjs/script.js\u001b[39m","time":"2020-05-27T07:18:08.748Z","v":0}
{"name":"hexo","hostname":"ken.lan","pid":48146,"level":30,"msg":"Generated: \u001b[35mcss/hl_theme/github-gist.styl\u001b[39m","time":"2020-05-27T07:18:08.748Z","v":0}
{"name":"hexo","hostname":"ken.lan","pid":48146,"level":30,"msg":"Generated: \u001b[35mcss/hl_theme/school-book.styl\u001b[39m","time":"2020-05-27T07:18:08.748Z","v":0}
{"name":"hexo","hostname":"ken.lan","pid":48146,"level":30,"msg":"Generated: \u001b[35mcss/hl_theme/github.styl\u001b[39m","time":"2020-05-27T07:18:08.748Z","v":0}
{"name":"hexo","hostname":"ken.lan","pid":48146,"level":30,"msg":"Generated: \u001b[35mcss/hl_theme/kimbie-light.styl\u001b[39m","time":"2020-05-27T07:18:08.749Z","v":0}
{"name":"hexo","hostname":"ken.lan","pid":48146,"level":30,"msg":"Generated: \u001b[35mcss/hl_theme/railscasts.styl\u001b[39m","time":"2020-05-27T07:18:08.749Z","v":0}
{"name":"hexo","hostname":"ken.lan","pid":48146,"level":30,"msg":"Generated: \u001b[35mcss/hl_theme/rainbow.styl\u001b[39m","time":"2020-05-27T07:18:08.749Z","v":0}
{"name":"hexo","hostname":"ken.lan","pid":48146,"level":30,"msg":"Generated: \u001b[35mcss/hl_theme/zenbum.styl\u001b[39m","time":"2020-05-27T07:18:08.749Z","v":0}
{"name":"hexo","hostname":"ken.lan","pid":48146,"level":30,"msg":"Generated: \u001b[35mcss/hl_theme/sublime.styl\u001b[39m","time":"2020-05-27T07:18:08.749Z","v":0}
{"name":"hexo","hostname":"ken.lan","pid":48146,"level":30,"msg":"Generated: \u001b[35mcss/hl_theme/atom-light.styl\u001b[39m","time":"2020-05-27T07:18:08.749Z","v":0}
{"name":"hexo","hostname":"ken.lan","pid":48146,"level":30,"msg":"Generated: \u001b[35mcss/hl_theme/kimbie-dark.styl\u001b[39m","time":"2020-05-27T07:18:08.749Z","v":0}
{"name":"hexo","hostname":"ken.lan","pid":48146,"level":30,"msg":"Generated: \u001b[35mcss/hl_theme/gruvbox-light.styl\u001b[39m","time":"2020-05-27T07:18:08.750Z","v":0}
{"name":"hexo","hostname":"ken.lan","pid":48146,"level":30,"msg":"Generated: \u001b[35mcss/hl_theme/sunburst.styl\u001b[39m","time":"2020-05-27T07:18:08.750Z","v":0}
{"name":"hexo","hostname":"ken.lan","pid":48146,"level":30,"msg":"Generated: \u001b[35mjs/gitalk.js\u001b[39m","time":"2020-05-27T07:18:08.750Z","v":0}
{"name":"hexo","hostname":"ken.lan","pid":48146,"level":30,"msg":"Generated: \u001b[35m2020/05/27/技术/yg_config/hy-sjksh-info-dev/docker-compose/index.html\u001b[39m","time":"2020-05-27T07:18:08.752Z","v":0}
{"name":"hexo","hostname":"ken.lan","pid":48146,"level":30,"msg":"Generated: \u001b[35m2020/05/27/技术/yd_server_config/sjksh_store_info/docker-compose/index.html\u001b[39m","time":"2020-05-27T07:18:08.752Z","v":0}
{"name":"hexo","hostname":"ken.lan","pid":48146,"level":30,"msg":"48 files generated in \u001b[36m119 ms\u001b[39m","time":"2020-05-27T07:18:08.752Z","v":0}
{"name":"hexo","hostname":"ken.lan","pid":48146,"level":20,"msg":"Database saved","time":"2020-05-27T07:18:08.766Z","v":0}
